{
  "stats": {
    "suites": 1,
    "tests": 18,
    "passes": 0,
    "pending": 0,
    "failures": 18,
    "start": "2022-04-09T21:26:08.245Z",
    "end": "2022-04-09T21:26:09.008Z",
    "duration": 763,
    "testsRegistered": 18,
    "passPercent": 0,
    "pendingPercent": 0,
    "other": 0,
    "hasOther": false,
    "skipped": 0,
    "hasSkipped": false
  },
  "results": [
    {
      "uuid": "35d6a1c3-2372-4a9e-96b9-6366e37bc040",
      "title": "",
      "fullFile": "/home/david/Documents/Dufuna-CodeCamp-21/tests/landing_page/landing_page.js",
      "file": "/landing_page.js",
      "beforeHooks": [],
      "afterHooks": [],
      "tests": [],
      "suites": [
        {
          "uuid": "07ebd891-c1be-45b5-9524-495bf3d7c54c",
          "title": "Testing Scholars Project",
          "fullFile": "/home/david/Documents/Dufuna-CodeCamp-21/tests/landing_page/landing_page.js",
          "file": "/landing_page.js",
          "beforeHooks": [
            {
              "title": "\"before all\" hook: setupWebdriver in \"Testing Scholars Project\"",
              "fullTitle": "Testing Scholars Project \"before all\" hook: setupWebdriver in \"Testing Scholars Project\"",
              "timedOut": false,
              "duration": 438,
              "state": null,
              "speed": null,
              "pass": false,
              "fail": false,
              "pending": false,
              "context": null,
              "code": "var file_url = `file://${file_path}`;\ndriver.get(file_url).then(done);",
              "err": {},
              "uuid": "63098702-bba3-433b-8cb0-fdc8275a0562",
              "parentUUID": "07ebd891-c1be-45b5-9524-495bf3d7c54c",
              "isHook": true,
              "skipped": false
            }
          ],
          "afterHooks": [
            {
              "title": "\"after all\" hook in \"Testing Scholars Project\"",
              "fullTitle": "Testing Scholars Project \"after all\" hook in \"Testing Scholars Project\"",
              "timedOut": false,
              "duration": 0,
              "state": null,
              "speed": null,
              "pass": false,
              "fail": false,
              "pending": false,
              "context": null,
              "code": "driver.quit();",
              "err": {},
              "uuid": "0d0bba4c-8900-4770-a021-4c95a19bb683",
              "parentUUID": "07ebd891-c1be-45b5-9524-495bf3d7c54c",
              "isHook": true,
              "skipped": false
            }
          ],
          "tests": [
            {
              "title": "test case: FoodBag Logo is present",
              "fullTitle": "Testing Scholars Project test case: FoodBag Logo is present",
              "timedOut": false,
              "duration": 40,
              "state": "failed",
              "speed": null,
              "pass": false,
              "fail": true,
              "pending": false,
              "context": null,
              "code": "const name = await driver.findElement(By.css(\"body\"));\nconst text = await name.getText();\nassert.include(text, \"Food\", `Ensure \"food bag\" text is present on header`);",
              "err": {
                "message": "AssertionError: Ensure \"food bag\" text is present on header: expected 'Your file couldn’t be accessed\\nIt ma…' to include 'Food'",
                "estack": "AssertionError: Ensure \"food bag\" text is present on header: expected 'Your file couldn’t be accessed\\nIt ma…' to include 'Food'\n    at Context.<anonymous> (landing_page.js:24:20)\n    at processTicksAndRejections (internal/process/task_queues.js:97:5)",
                "diff": null
              },
              "uuid": "119f034b-492a-4f61-ad0e-c3aea4805a36",
              "parentUUID": "07ebd891-c1be-45b5-9524-495bf3d7c54c",
              "isHook": false,
              "skipped": false
            },
            {
              "title": "test case: FoodBag Logo is present",
              "fullTitle": "Testing Scholars Project test case: FoodBag Logo is present",
              "timedOut": false,
              "duration": 29,
              "state": "failed",
              "speed": null,
              "pass": false,
              "fail": true,
              "pending": false,
              "context": null,
              "code": "const name = await driver.findElement(By.css(\"body\"));\nconst text = await name.getText();\nassert.include(text, \"Bag\", `Ensure \"food bag\" text is present on header`);",
              "err": {
                "message": "AssertionError: Ensure \"food bag\" text is present on header: expected 'Your file couldn’t be accessed\\nIt ma…' to include 'Bag'",
                "estack": "AssertionError: Ensure \"food bag\" text is present on header: expected 'Your file couldn’t be accessed\\nIt ma…' to include 'Bag'\n    at Context.<anonymous> (landing_page.js:30:20)\n    at processTicksAndRejections (internal/process/task_queues.js:97:5)",
                "diff": null
              },
              "uuid": "4c5e4a64-9e6a-4421-a8bb-37b03de00f42",
              "parentUUID": "07ebd891-c1be-45b5-9524-495bf3d7c54c",
              "isHook": false,
              "skipped": false
            },
            {
              "title": "test case: FoodBag text is present on the page",
              "fullTitle": "Testing Scholars Project test case: FoodBag text is present on the page",
              "timedOut": false,
              "duration": 19,
              "state": "failed",
              "speed": null,
              "pass": false,
              "fail": true,
              "pending": false,
              "context": null,
              "code": "const name = await driver.findElement(By.css(\"body\"));\nconst text = await name.getText();\nassert.include(text, \"FoodBag\", `Ensure \"FoodBag\" text is present`);",
              "err": {
                "message": "AssertionError: Ensure \"FoodBag\" text is present: expected 'Your file couldn’t be accessed\\nIt ma…' to include 'FoodBag'",
                "estack": "AssertionError: Ensure \"FoodBag\" text is present: expected 'Your file couldn’t be accessed\\nIt ma…' to include 'FoodBag'\n    at Context.<anonymous> (landing_page.js:36:20)\n    at processTicksAndRejections (internal/process/task_queues.js:97:5)",
                "diff": null
              },
              "uuid": "2d534e0f-8c15-4759-95b1-4b9ad402bb5d",
              "parentUUID": "07ebd891-c1be-45b5-9524-495bf3d7c54c",
              "isHook": false,
              "skipped": false
            },
            {
              "title": "test case: check Login",
              "fullTitle": "Testing Scholars Project test case: check Login",
              "timedOut": false,
              "duration": 19,
              "state": "failed",
              "speed": null,
              "pass": false,
              "fail": true,
              "pending": false,
              "context": null,
              "code": "const element = await driver.findElement(By.css(\"body\"))\nconst text = await element.getText();\nassert.include(text, \"Login\", \"Ensure the `Login` link is present on the header\");",
              "err": {
                "message": "AssertionError: Ensure the `Login` link is present on the header: expected 'Your file couldn’t be accessed\\nIt ma…' to include 'Login'",
                "estack": "AssertionError: Ensure the `Login` link is present on the header: expected 'Your file couldn’t be accessed\\nIt ma…' to include 'Login'\n    at Context.<anonymous> (landing_page.js:43:20)\n    at processTicksAndRejections (internal/process/task_queues.js:97:5)",
                "diff": null
              },
              "uuid": "aa442401-cf4b-4d32-a233-eebd02e3843b",
              "parentUUID": "07ebd891-c1be-45b5-9524-495bf3d7c54c",
              "isHook": false,
              "skipped": false
            },
            {
              "title": "test case: check Cart",
              "fullTitle": "Testing Scholars Project test case: check Cart",
              "timedOut": false,
              "duration": 16,
              "state": "failed",
              "speed": null,
              "pass": false,
              "fail": true,
              "pending": false,
              "context": null,
              "code": "const element = await driver.findElement(By.css(\"body\"))\nconst text = await element.getText();\nassert.include(text, \"Cart\", \"Ensure the `Cart` link is present on the header\");",
              "err": {
                "message": "AssertionError: Ensure the `Cart` link is present on the header: expected 'Your file couldn’t be accessed\\nIt ma…' to include 'Cart'",
                "estack": "AssertionError: Ensure the `Cart` link is present on the header: expected 'Your file couldn’t be accessed\\nIt ma…' to include 'Cart'\n    at Context.<anonymous> (landing_page.js:49:20)\n    at processTicksAndRejections (internal/process/task_queues.js:97:5)",
                "diff": null
              },
              "uuid": "2a6d2966-f383-4222-90c4-dcde52c2c7bf",
              "parentUUID": "07ebd891-c1be-45b5-9524-495bf3d7c54c",
              "isHook": false,
              "skipped": false
            },
            {
              "title": "test case: check Sign up",
              "fullTitle": "Testing Scholars Project test case: check Sign up",
              "timedOut": false,
              "duration": 18,
              "state": "failed",
              "speed": null,
              "pass": false,
              "fail": true,
              "pending": false,
              "context": null,
              "code": "const element = await driver.findElement(By.css(\"body\"))\nconst text = await element.getText();\nassert.include(text, \"Sign up\", \"Ensure the `Sign up` link is present on the header\");",
              "err": {
                "message": "AssertionError: Ensure the `Sign up` link is present on the header: expected 'Your file couldn’t be accessed\\nIt ma…' to include 'Sign up'",
                "estack": "AssertionError: Ensure the `Sign up` link is present on the header: expected 'Your file couldn’t be accessed\\nIt ma…' to include 'Sign up'\n    at Context.<anonymous> (landing_page.js:55:20)\n    at processTicksAndRejections (internal/process/task_queues.js:97:5)",
                "diff": null
              },
              "uuid": "7d8a3a7d-b6ac-4904-93b1-9db838026e29",
              "parentUUID": "07ebd891-c1be-45b5-9524-495bf3d7c54c",
              "isHook": false,
              "skipped": false
            },
            {
              "title": "test case: check service-descrption1",
              "fullTitle": "Testing Scholars Project test case: check service-descrption1",
              "timedOut": false,
              "duration": 19,
              "state": "failed",
              "speed": null,
              "pass": false,
              "fail": true,
              "pending": false,
              "context": null,
              "code": "const element = await driver.findElement(By.css(\"body\"))\nconst text = await element.getText();\nassert.include(text, \"Pick an interest\", \"Ensure Quantity label is present\");",
              "err": {
                "message": "AssertionError: Ensure Quantity label is present: expected 'Your file couldn’t be accessed\\nIt ma…' to include 'Pick an interest'",
                "estack": "AssertionError: Ensure Quantity label is present: expected 'Your file couldn’t be accessed\\nIt ma…' to include 'Pick an interest'\n    at Context.<anonymous> (landing_page.js:61:20)\n    at processTicksAndRejections (internal/process/task_queues.js:97:5)",
                "diff": null
              },
              "uuid": "7fb6b38d-6eea-4fd5-95a1-9af8450cb700",
              "parentUUID": "07ebd891-c1be-45b5-9524-495bf3d7c54c",
              "isHook": false,
              "skipped": false
            },
            {
              "title": "test case: check service-description2",
              "fullTitle": "Testing Scholars Project test case: check service-description2",
              "timedOut": false,
              "duration": 18,
              "state": "failed",
              "speed": null,
              "pass": false,
              "fail": true,
              "pending": false,
              "context": null,
              "code": "const element = await driver.findElement(By.css(\"body\"))\nconst text = await element.getText();\nassert.include(text, \"How we serve you\", \"Ensure you have the appropriate text for the service\");",
              "err": {
                "message": "AssertionError: Ensure you have the appropriate text for the service: expected 'Your file couldn’t be accessed\\nIt ma…' to include 'How we serve you'",
                "estack": "AssertionError: Ensure you have the appropriate text for the service: expected 'Your file couldn’t be accessed\\nIt ma…' to include 'How we serve you'\n    at Context.<anonymous> (landing_page.js:67:20)\n    at processTicksAndRejections (internal/process/task_queues.js:97:5)",
                "diff": null
              },
              "uuid": "75fff60c-0490-4ba4-9fb6-a716a1251586",
              "parentUUID": "07ebd891-c1be-45b5-9524-495bf3d7c54c",
              "isHook": false,
              "skipped": false
            },
            {
              "title": "test case: check service title-1",
              "fullTitle": "Testing Scholars Project test case: check service title-1",
              "timedOut": false,
              "duration": 16,
              "state": "failed",
              "speed": null,
              "pass": false,
              "fail": true,
              "pending": false,
              "context": null,
              "code": "const element = await driver.findElement(By.css(\"body\"))\nconst text = await element.getText();\nassert.include(text, \"Tell us where you are\", \"Ensure you have the appropriate text for the service\");",
              "err": {
                "message": "AssertionError: Ensure you have the appropriate text for the service: expected 'Your file couldn’t be accessed\\nIt ma…' to include 'Tell us where you are'",
                "estack": "AssertionError: Ensure you have the appropriate text for the service: expected 'Your file couldn’t be accessed\\nIt ma…' to include 'Tell us where you are'\n    at Context.<anonymous> (landing_page.js:73:20)\n    at processTicksAndRejections (internal/process/task_queues.js:97:5)",
                "diff": null
              },
              "uuid": "64de6c25-555f-4387-8ef3-207267c8097a",
              "parentUUID": "07ebd891-c1be-45b5-9524-495bf3d7c54c",
              "isHook": false,
              "skipped": false
            },
            {
              "title": "test case: check service-title-2",
              "fullTitle": "Testing Scholars Project test case: check service-title-2",
              "timedOut": false,
              "duration": 16,
              "state": "failed",
              "speed": null,
              "pass": false,
              "fail": true,
              "pending": false,
              "context": null,
              "code": "const element = await driver.findElement(By.css(\"body\"))\nconst text = await element.getText();\nassert.include(text, \"Tell us what you want\", \"Ensure you have the appropriate text for the service\");",
              "err": {
                "message": "AssertionError: Ensure you have the appropriate text for the service: expected 'Your file couldn’t be accessed\\nIt ma…' to include 'Tell us what you want'",
                "estack": "AssertionError: Ensure you have the appropriate text for the service: expected 'Your file couldn’t be accessed\\nIt ma…' to include 'Tell us what you want'\n    at Context.<anonymous> (landing_page.js:79:20)\n    at processTicksAndRejections (internal/process/task_queues.js:97:5)",
                "diff": null
              },
              "uuid": "201fccd9-563a-4e12-8d48-d3bebe66aca8",
              "parentUUID": "07ebd891-c1be-45b5-9524-495bf3d7c54c",
              "isHook": false,
              "skipped": false
            },
            {
              "title": "test case: check service-title-3",
              "fullTitle": "Testing Scholars Project test case: check service-title-3",
              "timedOut": false,
              "duration": 16,
              "state": "failed",
              "speed": null,
              "pass": false,
              "fail": true,
              "pending": false,
              "context": null,
              "code": "const element = await driver.findElement(By.css(\"body\"))\nconst text = await element.getText();\nassert.include(text, \"We'll come running\", \"Ensure you have the appropriate text for the service\");",
              "err": {
                "message": "AssertionError: Ensure you have the appropriate text for the service: expected 'Your file couldn’t be accessed\\nIt ma…' to include 'We\\'ll come running'",
                "estack": "AssertionError: Ensure you have the appropriate text for the service: expected 'Your file couldn’t be accessed\\nIt ma…' to include 'We\\'ll come running'\n    at Context.<anonymous> (landing_page.js:85:20)\n    at processTicksAndRejections (internal/process/task_queues.js:97:5)",
                "diff": null
              },
              "uuid": "a303811f-3213-40c5-a26d-3c5475e0d5f2",
              "parentUUID": "07ebd891-c1be-45b5-9524-495bf3d7c54c",
              "isHook": false,
              "skipped": false
            },
            {
              "title": "test case: check footer",
              "fullTitle": "Testing Scholars Project test case: check footer",
              "timedOut": false,
              "duration": 13,
              "state": "failed",
              "speed": null,
              "pass": false,
              "fail": true,
              "pending": false,
              "context": null,
              "code": "const element = await driver.findElement(By.css(\"footer\"))\nconst text = await element.getText();\nassert.include(text, \"Contact us\", \"Ensure you have the appropriate text as seen on the mock-up\");",
              "err": {
                "message": "NoSuchElementError: no such element: Unable to locate element: {\"method\":\"css selector\",\"selector\":\"footer\"}\n  (Session info: chrome=99.0.4844.84)",
                "estack": "NoSuchElementError: no such element: Unable to locate element: {\"method\":\"css selector\",\"selector\":\"footer\"}\n  (Session info: chrome=99.0.4844.84)\n    at Object.throwDecodedError (/home/david/Documents/Dufuna-CodeCamp-21/tests/node_modules/selenium-webdriver/lib/error.js:522:15)\n    at parseHttpResponse (/home/david/Documents/Dufuna-CodeCamp-21/tests/node_modules/selenium-webdriver/lib/http.js:548:13)\n    at Executor.execute (/home/david/Documents/Dufuna-CodeCamp-21/tests/node_modules/selenium-webdriver/lib/http.js:474:28)\n    at processTicksAndRejections (internal/process/task_queues.js:97:5)\n    at async thenableWebDriverProxy.execute (/home/david/Documents/Dufuna-CodeCamp-21/tests/node_modules/selenium-webdriver/lib/webdriver.js:735:17)\n    at async Context.<anonymous> (landing_page.js:89:29)",
                "diff": null
              },
              "uuid": "b8ac127a-da11-47b4-a158-7aadf76f7909",
              "parentUUID": "07ebd891-c1be-45b5-9524-495bf3d7c54c",
              "isHook": false,
              "skipped": false
            },
            {
              "title": "test case: check terms & conditions on footer",
              "fullTitle": "Testing Scholars Project test case: check terms & conditions on footer",
              "timedOut": false,
              "duration": 8,
              "state": "failed",
              "speed": null,
              "pass": false,
              "fail": true,
              "pending": false,
              "context": null,
              "code": "const element = await driver.findElement(By.css(\"footer\"))\nconst text = await element.getText();\nassert.include(text, \"Terms & Conditions . Privacy Policy\", \"Ensure the texts on the footer is properly formated\");",
              "err": {
                "message": "NoSuchElementError: no such element: Unable to locate element: {\"method\":\"css selector\",\"selector\":\"footer\"}\n  (Session info: chrome=99.0.4844.84)",
                "estack": "NoSuchElementError: no such element: Unable to locate element: {\"method\":\"css selector\",\"selector\":\"footer\"}\n  (Session info: chrome=99.0.4844.84)\n    at Object.throwDecodedError (/home/david/Documents/Dufuna-CodeCamp-21/tests/node_modules/selenium-webdriver/lib/error.js:522:15)\n    at parseHttpResponse (/home/david/Documents/Dufuna-CodeCamp-21/tests/node_modules/selenium-webdriver/lib/http.js:548:13)\n    at Executor.execute (/home/david/Documents/Dufuna-CodeCamp-21/tests/node_modules/selenium-webdriver/lib/http.js:474:28)\n    at processTicksAndRejections (internal/process/task_queues.js:97:5)\n    at async thenableWebDriverProxy.execute (/home/david/Documents/Dufuna-CodeCamp-21/tests/node_modules/selenium-webdriver/lib/webdriver.js:735:17)\n    at async Context.<anonymous> (landing_page.js:95:29)",
                "diff": null
              },
              "uuid": "ac5f11fe-b8f1-4529-bb5e-bead5da145f1",
              "parentUUID": "07ebd891-c1be-45b5-9524-495bf3d7c54c",
              "isHook": false,
              "skipped": false
            },
            {
              "title": "test case: check copyright on footer",
              "fullTitle": "Testing Scholars Project test case: check copyright on footer",
              "timedOut": false,
              "duration": 9,
              "state": "failed",
              "speed": null,
              "pass": false,
              "fail": true,
              "pending": false,
              "context": null,
              "code": "const element = await driver.findElement(By.css(\"footer\"))\nconst text = await element.getText();\nassert.include(text, \"Copyright 2021 FoodBag is a registered trademark\", \"Ensure you have the appropriate text as seen on the mock-up\");",
              "err": {
                "message": "NoSuchElementError: no such element: Unable to locate element: {\"method\":\"css selector\",\"selector\":\"footer\"}\n  (Session info: chrome=99.0.4844.84)",
                "estack": "NoSuchElementError: no such element: Unable to locate element: {\"method\":\"css selector\",\"selector\":\"footer\"}\n  (Session info: chrome=99.0.4844.84)\n    at Object.throwDecodedError (/home/david/Documents/Dufuna-CodeCamp-21/tests/node_modules/selenium-webdriver/lib/error.js:522:15)\n    at parseHttpResponse (/home/david/Documents/Dufuna-CodeCamp-21/tests/node_modules/selenium-webdriver/lib/http.js:548:13)\n    at Executor.execute (/home/david/Documents/Dufuna-CodeCamp-21/tests/node_modules/selenium-webdriver/lib/http.js:474:28)\n    at processTicksAndRejections (internal/process/task_queues.js:97:5)\n    at async thenableWebDriverProxy.execute (/home/david/Documents/Dufuna-CodeCamp-21/tests/node_modules/selenium-webdriver/lib/webdriver.js:735:17)\n    at async Context.<anonymous> (landing_page.js:101:29)",
                "diff": null
              },
              "uuid": "0164d9ea-f21f-48d5-a07b-213c8288d9a8",
              "parentUUID": "07ebd891-c1be-45b5-9524-495bf3d7c54c",
              "isHook": false,
              "skipped": false
            },
            {
              "title": "test case: check input field",
              "fullTitle": "Testing Scholars Project test case: check input field",
              "timedOut": false,
              "duration": 10,
              "state": "failed",
              "speed": null,
              "pass": false,
              "fail": true,
              "pending": false,
              "context": null,
              "code": "const input = await driver.findElements(By.css('input'));\nconst size = input.length\nassert.equal(size, 1, `Ensure you have the input field as seen in the mock-up`);",
              "err": {
                "message": "AssertionError: Ensure you have the input field as seen in the mock-up: expected +0 to equal 1",
                "estack": "AssertionError: Ensure you have the input field as seen in the mock-up: expected +0 to equal 1\n    at Context.<anonymous> (landing_page.js:109:20)\n    at processTicksAndRejections (internal/process/task_queues.js:97:5)",
                "diff": "- 0\n+ 1\n"
              },
              "uuid": "be171a2a-1d2e-4e60-8f28-3943cf48d837",
              "parentUUID": "07ebd891-c1be-45b5-9524-495bf3d7c54c",
              "isHook": false,
              "skipped": false
            },
            {
              "title": "test case: check placeholder",
              "fullTitle": "Testing Scholars Project test case: check placeholder",
              "timedOut": false,
              "duration": 12,
              "state": "failed",
              "speed": null,
              "pass": false,
              "fail": true,
              "pending": false,
              "context": null,
              "code": "const element = await driver.findElement(By.css('input')).getAttribute('placeholder');\nassert.equal(element, \"Enter your delivery address\", `Ensure you have the placeholder as seen in the mock-up`);",
              "err": {
                "message": "NoSuchElementError: no such element: Unable to locate element: {\"method\":\"css selector\",\"selector\":\"input\"}\n  (Session info: chrome=99.0.4844.84)",
                "estack": "NoSuchElementError: no such element: Unable to locate element: {\"method\":\"css selector\",\"selector\":\"input\"}\n  (Session info: chrome=99.0.4844.84)\n    at Object.throwDecodedError (/home/david/Documents/Dufuna-CodeCamp-21/tests/node_modules/selenium-webdriver/lib/error.js:522:15)\n    at parseHttpResponse (/home/david/Documents/Dufuna-CodeCamp-21/tests/node_modules/selenium-webdriver/lib/http.js:548:13)\n    at Executor.execute (/home/david/Documents/Dufuna-CodeCamp-21/tests/node_modules/selenium-webdriver/lib/http.js:474:28)\n    at processTicksAndRejections (internal/process/task_queues.js:97:5)\n    at async thenableWebDriverProxy.execute (/home/david/Documents/Dufuna-CodeCamp-21/tests/node_modules/selenium-webdriver/lib/webdriver.js:735:17)\n    at async toWireValue (/home/david/Documents/Dufuna-CodeCamp-21/tests/node_modules/selenium-webdriver/lib/webdriver.js:140:15)\n    at async /home/david/Documents/Dufuna-CodeCamp-21/tests/node_modules/selenium-webdriver/lib/webdriver.js:190:16\n    at async forEachKey (/home/david/Documents/Dufuna-CodeCamp-21/tests/node_modules/selenium-webdriver/lib/webdriver.js:184:9)\n    at async convertKeys (/home/david/Documents/Dufuna-CodeCamp-21/tests/node_modules/selenium-webdriver/lib/webdriver.js:189:3)\n    at async thenableWebDriverProxy.execute (/home/david/Documents/Dufuna-CodeCamp-21/tests/node_modules/selenium-webdriver/lib/webdriver.js:733:22)\n    at async Context.<anonymous> (landing_page.js:113:29)",
                "diff": null
              },
              "uuid": "7f25af2f-f273-41e2-af25-4158fc9ed8ac",
              "parentUUID": "07ebd891-c1be-45b5-9524-495bf3d7c54c",
              "isHook": false,
              "skipped": false
            },
            {
              "title": "test case: check label of input-field",
              "fullTitle": "Testing Scholars Project test case: check label of input-field",
              "timedOut": false,
              "duration": 16,
              "state": "failed",
              "speed": null,
              "pass": false,
              "fail": true,
              "pending": false,
              "context": null,
              "code": "const element = await driver.findElement(By.css('body')).getText();\nassert.include(element, \"Where are you?\", `Ensure you have the input field as the appropriate label as seen in the mock-up`);",
              "err": {
                "message": "AssertionError: Ensure you have the input field as the appropriate label as seen in the mock-up: expected 'Your file couldn’t be accessed\\nIt ma…' to include 'Where are you?'",
                "estack": "AssertionError: Ensure you have the input field as the appropriate label as seen in the mock-up: expected 'Your file couldn’t be accessed\\nIt ma…' to include 'Where are you?'\n    at Context.<anonymous> (landing_page.js:119:20)\n    at processTicksAndRejections (internal/process/task_queues.js:97:5)",
                "diff": null
              },
              "uuid": "7653e816-11ef-41ad-a836-e649ef9af3be",
              "parentUUID": "07ebd891-c1be-45b5-9524-495bf3d7c54c",
              "isHook": false,
              "skipped": false
            },
            {
              "title": "test case: assert image amount is 10",
              "fullTitle": "Testing Scholars Project test case: assert image amount is 10",
              "timedOut": false,
              "duration": 10,
              "state": "failed",
              "speed": null,
              "pass": false,
              "fail": true,
              "pending": false,
              "context": null,
              "code": "const images = await driver.findElements(By.css('img'));\nconst size = images.length\nassert.equal(size, 10, `Ensure all the images are present on the page`);",
              "err": {
                "message": "AssertionError: Ensure all the images are present on the page: expected 2 to equal 10",
                "estack": "AssertionError: Ensure all the images are present on the page: expected 2 to equal 10\n    at Context.<anonymous> (landing_page.js:125:20)\n    at processTicksAndRejections (internal/process/task_queues.js:97:5)",
                "diff": "- 2\n+ 10\n"
              },
              "uuid": "5a5cd7f0-6fbd-44ae-bd3d-c72c9907e8cd",
              "parentUUID": "07ebd891-c1be-45b5-9524-495bf3d7c54c",
              "isHook": false,
              "skipped": false
            }
          ],
          "suites": [],
          "passes": [],
          "failures": [
            "119f034b-492a-4f61-ad0e-c3aea4805a36",
            "4c5e4a64-9e6a-4421-a8bb-37b03de00f42",
            "2d534e0f-8c15-4759-95b1-4b9ad402bb5d",
            "aa442401-cf4b-4d32-a233-eebd02e3843b",
            "2a6d2966-f383-4222-90c4-dcde52c2c7bf",
            "7d8a3a7d-b6ac-4904-93b1-9db838026e29",
            "7fb6b38d-6eea-4fd5-95a1-9af8450cb700",
            "75fff60c-0490-4ba4-9fb6-a716a1251586",
            "64de6c25-555f-4387-8ef3-207267c8097a",
            "201fccd9-563a-4e12-8d48-d3bebe66aca8",
            "a303811f-3213-40c5-a26d-3c5475e0d5f2",
            "b8ac127a-da11-47b4-a158-7aadf76f7909",
            "ac5f11fe-b8f1-4529-bb5e-bead5da145f1",
            "0164d9ea-f21f-48d5-a07b-213c8288d9a8",
            "be171a2a-1d2e-4e60-8f28-3943cf48d837",
            "7f25af2f-f273-41e2-af25-4158fc9ed8ac",
            "7653e816-11ef-41ad-a836-e649ef9af3be",
            "5a5cd7f0-6fbd-44ae-bd3d-c72c9907e8cd"
          ],
          "pending": [],
          "skipped": [],
          "duration": 304,
          "root": false,
          "rootEmpty": false,
          "_timeout": 180000
        }
      ],
      "passes": [],
      "failures": [],
      "pending": [],
      "skipped": [],
      "duration": 0,
      "root": true,
      "rootEmpty": true,
      "_timeout": 2000
    }
  ],
  "meta": {
    "mocha": {
      "version": "9.2.2"
    },
    "mochawesome": {
      "options": {
        "quiet": true,
        "reportFilename": "logfile",
        "saveHtml": true,
        "saveJson": true,
        "consoleReporter": "spec",
        "useInlineDiffs": false,
        "code": true
      },
      "version": "7.1.2"
    },
    "marge": {
      "options": {
        "reportDir": "/home/david/Documents/Dufuna-CodeCamp-21/tests/landing_page/../..//tests/",
        "reportFilename": "logfile",
        "quiet": "true"
      },
      "version": "6.1.1"
    }
  }
}